


ARM Macro Assembler    Page 1 


    1 00000000                 AREA             RESET,DATA,READONLY
    2 00000000                 EXPORT           __Vectors
    3 00000000         __Vectors
    4 00000000 10001000        DCD              0x10001000
    5 00000004 00000000        DCD              Reset_Handler
    6 00000008         
    7 00000008                 ALIGN
    8 00000008         
    9 00000008                 AREA             mycode,CODE,READONLY
   10 00000000                 ENTRY
   11 00000000                 EXPORT           Reset_Handler
   12 00000000         
   13 00000000         Reset_Handler
   14 00000000 4806            LDR              R0,=SRC
   15 00000002 F100 0124       ADD              R1,R0,#36
   16 00000006         
   17 00000006 F04F 0405       MOV              R4,#5
   18 0000000A         
   19 0000000A 6802    UP      LDR              R2,[R0]
   20 0000000C 680B            LDR              R3,[R1]
   21 0000000E F840 3B04       STR              R3,[R0],#4
   22 00000012 F841 2904       STR              R2,[R1],#-4
   23 00000016         
   24 00000016 3C01            SUBS             R4,#1
   25 00000018 D1F7            BNE              UP
   26 0000001A         
   27 0000001A E7FE    STOP    B                STOP
   28 0000001C         
   29 0000001C 00000000        AREA             mydata,DATA,READWRITE
   30 00000000 12345678 
              ABCDEF55 
              00000055 
              45612378 
              56781234 
              EF55ABCD 
              15151555 
              23784561 
              EFABCD12 
              15557878 SRC     DCD              0x12345678,0xABCDEF55,0x55,0x45
612378,0x56781234,0xEF55ABCD,0x15151555,0x23784561,0xEFABCD12,0x15557878
   31 00000028         
   32 00000028                 END
Command Line: --debug --xref --cpu=Cortex-M3 --apcs=interwork --depend=codeFile
.d -ocodeFile.o -IC:\Keil\ARM\RV31\INC -IC:\Keil\ARM\CMSIS\Include -IC:\Keil\AR
M\Inc\NXP\LPC17xx --predefine="__EVAL SETA 1" --list=codeFile.lst codeFile.asm



ARM Macro Assembler    Page 1 Alphabetic symbol ordering
Relocatable symbols

RESET 00000000

Symbol: RESET
   Definitions
      At line 1 in file codeFile.asm
   Uses
      None
Comment: RESET unused
__Vectors 00000000

Symbol: __Vectors
   Definitions
      At line 3 in file codeFile.asm
   Uses
      At line 2 in file codeFile.asm
Comment: __Vectors used once
2 symbols



ARM Macro Assembler    Page 1 Alphabetic symbol ordering
Relocatable symbols

Reset_Handler 00000000

Symbol: Reset_Handler
   Definitions
      At line 13 in file codeFile.asm
   Uses
      At line 5 in file codeFile.asm
      At line 11 in file codeFile.asm

STOP 0000001A

Symbol: STOP
   Definitions
      At line 27 in file codeFile.asm
   Uses
      At line 27 in file codeFile.asm
Comment: STOP used once
UP 0000000A

Symbol: UP
   Definitions
      At line 19 in file codeFile.asm
   Uses
      At line 25 in file codeFile.asm
Comment: UP used once
mycode 00000000

Symbol: mycode
   Definitions
      At line 9 in file codeFile.asm
   Uses
      None
Comment: mycode unused
4 symbols



ARM Macro Assembler    Page 1 Alphabetic symbol ordering
Relocatable symbols

SRC 00000000

Symbol: SRC
   Definitions
      At line 30 in file codeFile.asm
   Uses
      At line 14 in file codeFile.asm
Comment: SRC used once
mydata 00000000

Symbol: mydata
   Definitions
      At line 29 in file codeFile.asm
   Uses
      None
Comment: mydata unused
2 symbols
341 symbols in table
