


ARM Macro Assembler    Page 1 


    1 00000000                 AREA             RESET, DATA, READONLY
    2 00000000                 EXPORT           __Vectors
    3 00000000         __Vectors
    4 00000000 10001000        DCD              0x10001000
    5 00000004 00000000        DCD              Reset_Handler
    6 00000008                 ALIGN
    7 00000008         
    8 00000008                 AREA             mycode, CODE, READONLY
    9 00000000                 ENTRY
   10 00000000                 EXPORT           Reset_Handler
   11 00000000         
   12 00000000         Reset_Handler
   13 00000000 4808            LDR              R0, =SRC
   14 00000002 6801            LDR              R1, [R0]
   15 00000004         
   16 00000004 F04F 020A       MOV              R2, #10
   17 00000008         
   18 00000008 FBB1 F3F2       UDIV             R3, R1, R2
   19 0000000C FB03 1412       MLS              R4, R3, R2, R1
   20 00000010         
   21 00000010 EA4F 1303       LSL              R3, R3, #4
   22 00000014 EA43 0504       ORR              R5, R3, R4
   23 00000018 4E03            LDR              R6, =DST
   24 0000001A 6035            STR              R5, [R6]
   25 0000001C         
   26 0000001C         STOP
   27 0000001C E7FE            B                STOP
   28 0000001E         
   29 0000001E 00 00 0000002D 
                       SRC     DCD              0x2D
   30 00000024 00000000 
              00000000         AREA             mydata, DATA, READWRITE
   31 00000000 00000000 
                       DST     DCD              0x0
   32 00000004         
   33 00000004                 END
Command Line: --debug --xref --cpu=Cortex-M3 --apcs=interwork --depend=codeFile
.d -ocodeFile.o -IC:\Keil\ARM\RV31\INC -IC:\Keil\ARM\CMSIS\Include -IC:\Keil\AR
M\Inc\NXP\LPC17xx --predefine="__EVAL SETA 1" --list=codeFile.lst codeFile.asm



ARM Macro Assembler    Page 1 Alphabetic symbol ordering
Relocatable symbols

RESET 00000000

Symbol: RESET
   Definitions
      At line 1 in file codeFile.asm
   Uses
      None
Comment: RESET unused
__Vectors 00000000

Symbol: __Vectors
   Definitions
      At line 3 in file codeFile.asm
   Uses
      At line 2 in file codeFile.asm
Comment: __Vectors used once
2 symbols



ARM Macro Assembler    Page 1 Alphabetic symbol ordering
Relocatable symbols

Reset_Handler 00000000

Symbol: Reset_Handler
   Definitions
      At line 12 in file codeFile.asm
   Uses
      At line 5 in file codeFile.asm
      At line 10 in file codeFile.asm

SRC 00000020

Symbol: SRC
   Definitions
      At line 29 in file codeFile.asm
   Uses
      At line 13 in file codeFile.asm
Comment: SRC used once
STOP 0000001C

Symbol: STOP
   Definitions
      At line 26 in file codeFile.asm
   Uses
      At line 27 in file codeFile.asm
Comment: STOP used once
mycode 00000000

Symbol: mycode
   Definitions
      At line 8 in file codeFile.asm
   Uses
      None
Comment: mycode unused
4 symbols



ARM Macro Assembler    Page 1 Alphabetic symbol ordering
Relocatable symbols

DST 00000000

Symbol: DST
   Definitions
      At line 31 in file codeFile.asm
   Uses
      At line 23 in file codeFile.asm
Comment: DST used once
mydata 00000000

Symbol: mydata
   Definitions
      At line 30 in file codeFile.asm
   Uses
      None
Comment: mydata unused
2 symbols
341 symbols in table
