


ARM Macro Assembler    Page 1 


    1 00000000                 AREA             RESET,DATA,READONLY
    2 00000000                 EXPORT           __Vectors
    3 00000000         __Vectors
    4 00000000 10001000        DCD              0x10001000
    5 00000004 00000000        DCD              Reset_Handler
    6 00000008                 ALIGN
    7 00000008                 AREA             mycode,CODE,READONLY
    8 00000000                 ENTRY
    9 00000000                 EXPORT           Reset_Handler
   10 00000000         
   11 00000000         Reset_Handler
   12 00000000 4B08            LDR              R3, =SRC    ; pointer to source
                                                             array
   13 00000002 F04F 040A       MOV              R4, #10     ; counter = 10
   14 00000006 F04F 0100       MOV              R1, #0      ; sum low (result)
   15 0000000A F04F 0200       MOV              R2, #0      ; sum high (carry)
   16 0000000E         LOOP
   17 0000000E F853 0B04       LDR              R0, [R3], #4 ; load next value 
                                                            from SRC
   18 00000012 1809            ADDS             R1, R1, R0  ; add with update f
                                                            lags
   19 00000014 F142 0200       ADC              R2, R2, #0  ; add carry to R2
   20 00000018 1E64            SUBS             R4, R4, #1  ; decrement counter
                                                            
   21 0000001A D1F8            BNE              LOOP
   22 0000001C         
   23 0000001C 4B02            LDR              R3, =RESULT ; store result
   24 0000001E 6019            STR              R1, [R3]
   25 00000020 605A            STR              R2, [R3, #4]
   26 00000022         
   27 00000022 E7FE    STOP    B                STOP
   28 00000024         
   29 00000024 00000000 
              00000000         AREA             mydata, DATA, READWRITE
   30 00000000 0000123D 
              0000456D 
              00001923 
              0000320B 
              00000943 SRC     DCD              0x123D, 0x456D, 0x1923, 0x320B,
 0x943
   31 00000014 0000345F 
              0000543F 
              000AB403 
              00000001 
              00000056         DCD              0x345F, 0x543F, 0xAB403, 0x1, 0
x56
   32 00000028 00000000 
              00000000 RESULT  DCD              0, 0
   33 00000030         
   34 00000030                 END
Command Line: --debug --xref --cpu=Cortex-M3 --apcs=interwork --depend=.\q1.d -
o.\q1.o -IC:\Keil\ARM\RV31\INC -IC:\Keil\ARM\CMSIS\Include -IC:\Keil\ARM\Inc\NX
P\LPC17xx --predefine="__EVAL SETA 1" --list=.\q1.lst F:\230953284\LAB3\q1.s



ARM Macro Assembler    Page 1 Alphabetic symbol ordering
Relocatable symbols

RESET 00000000

Symbol: RESET
   Definitions
      At line 1 in file F:\230953284\LAB3\q1.s
   Uses
      None
Comment: RESET unused
__Vectors 00000000

Symbol: __Vectors
   Definitions
      At line 3 in file F:\230953284\LAB3\q1.s
   Uses
      At line 2 in file F:\230953284\LAB3\q1.s
Comment: __Vectors used once
2 symbols



ARM Macro Assembler    Page 1 Alphabetic symbol ordering
Relocatable symbols

LOOP 0000000E

Symbol: LOOP
   Definitions
      At line 16 in file F:\230953284\LAB3\q1.s
   Uses
      At line 21 in file F:\230953284\LAB3\q1.s
Comment: LOOP used once
Reset_Handler 00000000

Symbol: Reset_Handler
   Definitions
      At line 11 in file F:\230953284\LAB3\q1.s
   Uses
      At line 5 in file F:\230953284\LAB3\q1.s
      At line 9 in file F:\230953284\LAB3\q1.s

STOP 00000022

Symbol: STOP
   Definitions
      At line 27 in file F:\230953284\LAB3\q1.s
   Uses
      At line 27 in file F:\230953284\LAB3\q1.s
Comment: STOP used once
mycode 00000000

Symbol: mycode
   Definitions
      At line 7 in file F:\230953284\LAB3\q1.s
   Uses
      None
Comment: mycode unused
4 symbols



ARM Macro Assembler    Page 1 Alphabetic symbol ordering
Relocatable symbols

RESULT 00000028

Symbol: RESULT
   Definitions
      At line 32 in file F:\230953284\LAB3\q1.s
   Uses
      At line 23 in file F:\230953284\LAB3\q1.s
Comment: RESULT used once
SRC 00000000

Symbol: SRC
   Definitions
      At line 30 in file F:\230953284\LAB3\q1.s
   Uses
      At line 12 in file F:\230953284\LAB3\q1.s
Comment: SRC used once
mydata 00000000

Symbol: mydata
   Definitions
      At line 29 in file F:\230953284\LAB3\q1.s
   Uses
      None
Comment: mydata unused
3 symbols
342 symbols in table
