


ARM Macro Assembler    Page 1 


    1 00000000                 AREA             RESET,DATA,READONLY
    2 00000000                 EXPORT           __Vectors
    3 00000000         __Vectors
    4 00000000 10001000        DCD              0x10001000
    5 00000004 00000000        DCD              Reset_Handler
    6 00000008                 ALIGN
    7 00000008                 AREA             mycode,CODE,READONLY
    8 00000000                 ENTRY
    9 00000000                 EXPORT           Reset_Handler
   10 00000000         Reset_Handler
   11 00000000 480B            LDR              R0, =SRC
   12 00000002 6801            LDR              R1, [R0]
   13 00000004 4B0B            LDR              R3, =DST
   14 00000006         
   15 00000006 F04F 0A02       MOV              R10, #2
   16 0000000A         UP
   17 0000000A F001 020F       AND              R2, R1, #0x0F
   18 0000000E 2A09            CMP              R2, #9
   19 00000010 D301            BCC              down
   20 00000012 F102 0207       ADD              R2, #0x07
   21 00000016         down
   22 00000016 F102 0230       ADD              R2, #0x30
   23 0000001A F803 2B01       STRB             R2, [R3], #1
   24 0000001E EA4F 1111       LSR              R1, #4
   25 00000022 F1BA 0A01       SUBS             R10, #1
   26 00000026 D1F0            BNE              UP
   27 00000028         
   28 00000028         STOP
   29 00000028 E7FE            B                STOP
   30 0000002A         
   31 0000002A 00 00 000000AB 
                       SRC     DCD              0xAB
   32 00000030         
   33 00000030 00000000 
              00000000         AREA             myArea,DATA,READWRITE
   34 00000000 00000000 
                       DST     DCD              0x0
   35 00000004         
   36 00000004         END
                       
Command Line: --debug --xref --cpu=Cortex-M3 --apcs=interwork --depend=codeFile
.d -ocodeFile.o -IC:\Keil\ARM\RV31\INC -IC:\Keil\ARM\CMSIS\Include -IC:\Keil\AR
M\Inc\NXP\LPC17xx --predefine="__EVAL SETA 1" --list=codeFile.lst codeFile.asm



ARM Macro Assembler    Page 1 Alphabetic symbol ordering
Relocatable symbols

RESET 00000000

Symbol: RESET
   Definitions
      At line 1 in file codeFile.asm
   Uses
      None
Comment: RESET unused
__Vectors 00000000

Symbol: __Vectors
   Definitions
      At line 3 in file codeFile.asm
   Uses
      At line 2 in file codeFile.asm
Comment: __Vectors used once
2 symbols



ARM Macro Assembler    Page 1 Alphabetic symbol ordering
Relocatable symbols

Reset_Handler 00000000

Symbol: Reset_Handler
   Definitions
      At line 10 in file codeFile.asm
   Uses
      At line 5 in file codeFile.asm
      At line 9 in file codeFile.asm

SRC 0000002C

Symbol: SRC
   Definitions
      At line 31 in file codeFile.asm
   Uses
      At line 11 in file codeFile.asm
Comment: SRC used once
STOP 00000028

Symbol: STOP
   Definitions
      At line 28 in file codeFile.asm
   Uses
      At line 29 in file codeFile.asm
Comment: STOP used once
UP 0000000A

Symbol: UP
   Definitions
      At line 16 in file codeFile.asm
   Uses
      At line 26 in file codeFile.asm
Comment: UP used once
down 00000016

Symbol: down
   Definitions
      At line 21 in file codeFile.asm
   Uses
      At line 19 in file codeFile.asm
Comment: down used once
mycode 00000000

Symbol: mycode
   Definitions
      At line 7 in file codeFile.asm
   Uses
      None
Comment: mycode unused
6 symbols



ARM Macro Assembler    Page 1 Alphabetic symbol ordering
Relocatable symbols

DST 00000000

Symbol: DST
   Definitions
      At line 34 in file codeFile.asm
   Uses
      At line 13 in file codeFile.asm
Comment: DST used once
END 00000004

Symbol: END
   Definitions
      At line 36 in file codeFile.asm
   Uses
      None
Comment: END unused
myArea 00000000

Symbol: myArea
   Definitions
      At line 33 in file codeFile.asm
   Uses
      None
Comment: myArea unused
3 symbols
344 symbols in table
